ARM GAS  C:\Users\nikod\AppData\Local\Temp\ccc4tG9y.s 			page 1


   1              		.syntax unified
   2              		.cpu cortex-m3
   3              		.fpu softvfp
   4              		.eabi_attribute 20, 1
   5              		.eabi_attribute 21, 1
   6              		.eabi_attribute 23, 3
   7              		.eabi_attribute 24, 1
   8              		.eabi_attribute 25, 1
   9              		.eabi_attribute 26, 1
  10              		.eabi_attribute 30, 1
  11              		.eabi_attribute 34, 1
  12              		.eabi_attribute 18, 4
  13              		.thumb
  14              		.syntax unified
  15              		.file	"LCD_CustChars.c"
  16              		.text
  17              	.Ltext0:
  18              		.cfi_sections	.debug_frame
  19              		.section	.text.LCD_LoadCustomFonts,"ax",%progbits
  20              		.align	2
  21              		.global	LCD_LoadCustomFonts
  22              		.thumb
  23              		.thumb_func
  24              		.type	LCD_LoadCustomFonts, %function
  25              	LCD_LoadCustomFonts:
  26              	.LFB0:
  27              		.file 1 "Generated_Source\\PSoC5\\LCD_CustChars.c"
   1:Generated_Source\PSoC5/LCD_CustChars.c **** /*******************************************************************************
   2:Generated_Source\PSoC5/LCD_CustChars.c **** * File Name: LCD_CustChars.c
   3:Generated_Source\PSoC5/LCD_CustChars.c **** * Version 2.20
   4:Generated_Source\PSoC5/LCD_CustChars.c **** *
   5:Generated_Source\PSoC5/LCD_CustChars.c **** * Description:
   6:Generated_Source\PSoC5/LCD_CustChars.c **** *  This file provides the source code for the Character LCD custom character
   7:Generated_Source\PSoC5/LCD_CustChars.c **** *  API.
   8:Generated_Source\PSoC5/LCD_CustChars.c **** *
   9:Generated_Source\PSoC5/LCD_CustChars.c **** * Note:
  10:Generated_Source\PSoC5/LCD_CustChars.c **** *
  11:Generated_Source\PSoC5/LCD_CustChars.c **** ********************************************************************************
  12:Generated_Source\PSoC5/LCD_CustChars.c **** * Copyright 2008-2014, Cypress Semiconductor Corporation.  All rights reserved.
  13:Generated_Source\PSoC5/LCD_CustChars.c **** * You may use this file only in accordance with the license, terms, conditions,
  14:Generated_Source\PSoC5/LCD_CustChars.c **** * disclaimers, and limitations in the end user license agreement accompanying
  15:Generated_Source\PSoC5/LCD_CustChars.c **** * the software package with which this file was provided.
  16:Generated_Source\PSoC5/LCD_CustChars.c **** *******************************************************************************/
  17:Generated_Source\PSoC5/LCD_CustChars.c **** 
  18:Generated_Source\PSoC5/LCD_CustChars.c **** #include "LCD.h"
  19:Generated_Source\PSoC5/LCD_CustChars.c **** 
  20:Generated_Source\PSoC5/LCD_CustChars.c **** 
  21:Generated_Source\PSoC5/LCD_CustChars.c **** uint8 const CYCODE LCD_customFonts[] = \
  22:Generated_Source\PSoC5/LCD_CustChars.c **** {
  23:Generated_Source\PSoC5/LCD_CustChars.c ****     /* Character LCD_CUSTOM_0   */
  24:Generated_Source\PSoC5/LCD_CustChars.c ****         0x06u,    0x09u,    0x09u,    0x06u,    0x00u,    0x00u,    0x00u,    0x00u, \
  25:Generated_Source\PSoC5/LCD_CustChars.c ****     /* Character LCD_CUSTOM_1   */
  26:Generated_Source\PSoC5/LCD_CustChars.c ****         0x00u,    0x0Au,    0x0Au,    0x04u,    0x04u,    0x04u,    0x00u,    0x00u, \
  27:Generated_Source\PSoC5/LCD_CustChars.c ****     /* Character LCD_CUSTOM_2   */
  28:Generated_Source\PSoC5/LCD_CustChars.c ****         0x00u,    0x0Eu,    0x0Au,    0x0Eu,    0x08u,    0x08u,    0x00u,    0x00u, \
  29:Generated_Source\PSoC5/LCD_CustChars.c ****     /* Character LCD_CUSTOM_3   */
  30:Generated_Source\PSoC5/LCD_CustChars.c ****         0x00u,    0x0Eu,    0x0Au,    0x0Cu,    0x0Au,    0x0Au,    0x00u,    0x00u, \
ARM GAS  C:\Users\nikod\AppData\Local\Temp\ccc4tG9y.s 			page 2


  31:Generated_Source\PSoC5/LCD_CustChars.c ****     /* Character LCD_CUSTOM_4   */
  32:Generated_Source\PSoC5/LCD_CustChars.c ****         0x00u,    0x0Eu,    0x08u,    0x0Cu,    0x08u,    0x0Eu,    0x00u,    0x00u, \
  33:Generated_Source\PSoC5/LCD_CustChars.c ****     /* Character LCD_CUSTOM_5   */
  34:Generated_Source\PSoC5/LCD_CustChars.c ****         0x00u,    0x0Eu,    0x08u,    0x0Eu,    0x02u,    0x0Eu,    0x00u,    0x00u, \
  35:Generated_Source\PSoC5/LCD_CustChars.c ****     /* Character LCD_CUSTOM_6   */
  36:Generated_Source\PSoC5/LCD_CustChars.c ****         0x00u,    0x0Eu,    0x08u,    0x0Eu,    0x02u,    0x0Eu,    0x00u,    0x00u, \
  37:Generated_Source\PSoC5/LCD_CustChars.c ****     /* Character LCD_CUSTOM_7   */
  38:Generated_Source\PSoC5/LCD_CustChars.c ****         0x00u,    0x04u,    0x04u,    0x04u,    0x00u,    0x04u,    0x00u,    0x00u \
  39:Generated_Source\PSoC5/LCD_CustChars.c ****  };
  40:Generated_Source\PSoC5/LCD_CustChars.c **** 
  41:Generated_Source\PSoC5/LCD_CustChars.c **** 
  42:Generated_Source\PSoC5/LCD_CustChars.c **** /*******************************************************************************
  43:Generated_Source\PSoC5/LCD_CustChars.c **** * Function Name: LCD_LoadCustomFonts
  44:Generated_Source\PSoC5/LCD_CustChars.c **** ********************************************************************************
  45:Generated_Source\PSoC5/LCD_CustChars.c **** *
  46:Generated_Source\PSoC5/LCD_CustChars.c **** * Summary:
  47:Generated_Source\PSoC5/LCD_CustChars.c **** *  Loads 8 custom font characters into the LCD Module for use.  Cannot use
  48:Generated_Source\PSoC5/LCD_CustChars.c **** *  characters from two different font sets at once, but font sets can be
  49:Generated_Source\PSoC5/LCD_CustChars.c **** *  switched out during runtime.
  50:Generated_Source\PSoC5/LCD_CustChars.c **** *
  51:Generated_Source\PSoC5/LCD_CustChars.c **** * Parameters:
  52:Generated_Source\PSoC5/LCD_CustChars.c **** *  customData:  pointer to a constant array of 64 bytes representing 8 custom
  53:Generated_Source\PSoC5/LCD_CustChars.c **** *               font characters.
  54:Generated_Source\PSoC5/LCD_CustChars.c **** * Return:
  55:Generated_Source\PSoC5/LCD_CustChars.c **** *  None.
  56:Generated_Source\PSoC5/LCD_CustChars.c **** *
  57:Generated_Source\PSoC5/LCD_CustChars.c **** * Theory:
  58:Generated_Source\PSoC5/LCD_CustChars.c **** *  Prior to using this function user need to import the pointer to custom
  59:Generated_Source\PSoC5/LCD_CustChars.c **** *  font array to your project by writting the following in the source code file
  60:Generated_Source\PSoC5/LCD_CustChars.c **** *  where custom font will be used:
  61:Generated_Source\PSoC5/LCD_CustChars.c **** *       extern uint8 const CYCODE LCD_Char_customFonts[];
  62:Generated_Source\PSoC5/LCD_CustChars.c **** *  This function is not automatically called by the Start() routine and must be
  63:Generated_Source\PSoC5/LCD_CustChars.c **** *  called manually by the user.
  64:Generated_Source\PSoC5/LCD_CustChars.c **** *
  65:Generated_Source\PSoC5/LCD_CustChars.c **** *******************************************************************************/
  66:Generated_Source\PSoC5/LCD_CustChars.c **** void LCD_LoadCustomFonts(uint8 const customData[]) 
  67:Generated_Source\PSoC5/LCD_CustChars.c **** {
  28              		.loc 1 67 0
  29              		.cfi_startproc
  30              		@ args = 0, pretend = 0, frame = 0
  31              		@ frame_needed = 0, uses_anonymous_args = 0
  32              	.LVL0:
  33 0000 38B5     		push	{r3, r4, r5, lr}
  34              		.cfi_def_cfa_offset 16
  35              		.cfi_offset 3, -16
  36              		.cfi_offset 4, -12
  37              		.cfi_offset 5, -8
  38              		.cfi_offset 14, -4
  39 0002 0546     		mov	r5, r0
  68:Generated_Source\PSoC5/LCD_CustChars.c ****     uint8 indexU8;
  69:Generated_Source\PSoC5/LCD_CustChars.c **** 
  70:Generated_Source\PSoC5/LCD_CustChars.c ****     LCD_IsReady();
  40              		.loc 1 70 0
  41 0004 FFF7FEFF 		bl	LCD_IsReady
  42              	.LVL1:
  71:Generated_Source\PSoC5/LCD_CustChars.c **** 
  72:Generated_Source\PSoC5/LCD_CustChars.c ****     /* Set starting address in the LCD Module.
ARM GAS  C:\Users\nikod\AppData\Local\Temp\ccc4tG9y.s 			page 3


  73:Generated_Source\PSoC5/LCD_CustChars.c ****     * Optionally: Read the current address to restore at a later time.
  74:Generated_Source\PSoC5/LCD_CustChars.c ****     */
  75:Generated_Source\PSoC5/LCD_CustChars.c ****     LCD_WriteControl(LCD_CGRAM_0);
  43              		.loc 1 75 0
  44 0008 4020     		movs	r0, #64
  45 000a FFF7FEFF 		bl	LCD_WriteControl
  46              	.LVL2:
  76:Generated_Source\PSoC5/LCD_CustChars.c **** 
  77:Generated_Source\PSoC5/LCD_CustChars.c ****     /* Load in the 64 bytes of CustomChar Data */
  78:Generated_Source\PSoC5/LCD_CustChars.c ****     for(indexU8 = 0u; indexU8 < LCD_CUSTOM_CHAR_SET_LEN; indexU8++)
  47              		.loc 1 78 0
  48 000e 0024     		movs	r4, #0
  49 0010 04E0     		b	.L2
  50              	.LVL3:
  51              	.L3:
  79:Generated_Source\PSoC5/LCD_CustChars.c ****     {
  80:Generated_Source\PSoC5/LCD_CustChars.c ****         LCD_WriteData(customData[indexU8]);
  52              		.loc 1 80 0 discriminator 3
  53 0012 285D     		ldrb	r0, [r5, r4]	@ zero_extendqisi2
  54 0014 FFF7FEFF 		bl	LCD_WriteData
  55              	.LVL4:
  78:Generated_Source\PSoC5/LCD_CustChars.c ****     {
  56              		.loc 1 78 0 discriminator 3
  57 0018 0134     		adds	r4, r4, #1
  58              	.LVL5:
  59 001a E4B2     		uxtb	r4, r4
  60              	.LVL6:
  61              	.L2:
  78:Generated_Source\PSoC5/LCD_CustChars.c ****     {
  62              		.loc 1 78 0 is_stmt 0 discriminator 1
  63 001c 3F2C     		cmp	r4, #63
  64 001e F8D9     		bls	.L3
  81:Generated_Source\PSoC5/LCD_CustChars.c ****     }
  82:Generated_Source\PSoC5/LCD_CustChars.c **** 
  83:Generated_Source\PSoC5/LCD_CustChars.c ****     LCD_IsReady();
  65              		.loc 1 83 0 is_stmt 1
  66 0020 FFF7FEFF 		bl	LCD_IsReady
  67              	.LVL7:
  84:Generated_Source\PSoC5/LCD_CustChars.c ****     LCD_WriteControl(LCD_DDRAM_0);
  68              		.loc 1 84 0
  69 0024 8020     		movs	r0, #128
  70 0026 FFF7FEFF 		bl	LCD_WriteControl
  71              	.LVL8:
  72 002a 38BD     		pop	{r3, r4, r5, pc}
  73              		.cfi_endproc
  74              	.LFE0:
  75              		.size	LCD_LoadCustomFonts, .-LCD_LoadCustomFonts
  76              		.global	LCD_customFonts
  77              		.section	.rodata
  78              		.align	2
  79              		.type	LCD_customFonts, %object
  80              		.size	LCD_customFonts, 64
  81              	LCD_customFonts:
  82 0000 06       		.byte	6
  83 0001 09       		.byte	9
  84 0002 09       		.byte	9
  85 0003 06       		.byte	6
ARM GAS  C:\Users\nikod\AppData\Local\Temp\ccc4tG9y.s 			page 4


  86 0004 00       		.byte	0
  87 0005 00       		.byte	0
  88 0006 00       		.byte	0
  89 0007 00       		.byte	0
  90 0008 00       		.byte	0
  91 0009 0A       		.byte	10
  92 000a 0A       		.byte	10
  93 000b 04       		.byte	4
  94 000c 04       		.byte	4
  95 000d 04       		.byte	4
  96 000e 00       		.byte	0
  97 000f 00       		.byte	0
  98 0010 00       		.byte	0
  99 0011 0E       		.byte	14
 100 0012 0A       		.byte	10
 101 0013 0E       		.byte	14
 102 0014 08       		.byte	8
 103 0015 08       		.byte	8
 104 0016 00       		.byte	0
 105 0017 00       		.byte	0
 106 0018 00       		.byte	0
 107 0019 0E       		.byte	14
 108 001a 0A       		.byte	10
 109 001b 0C       		.byte	12
 110 001c 0A       		.byte	10
 111 001d 0A       		.byte	10
 112 001e 00       		.byte	0
 113 001f 00       		.byte	0
 114 0020 00       		.byte	0
 115 0021 0E       		.byte	14
 116 0022 08       		.byte	8
 117 0023 0C       		.byte	12
 118 0024 08       		.byte	8
 119 0025 0E       		.byte	14
 120 0026 00       		.byte	0
 121 0027 00       		.byte	0
 122 0028 00       		.byte	0
 123 0029 0E       		.byte	14
 124 002a 08       		.byte	8
 125 002b 0E       		.byte	14
 126 002c 02       		.byte	2
 127 002d 0E       		.byte	14
 128 002e 00       		.byte	0
 129 002f 00       		.byte	0
 130 0030 00       		.byte	0
 131 0031 0E       		.byte	14
 132 0032 08       		.byte	8
 133 0033 0E       		.byte	14
 134 0034 02       		.byte	2
 135 0035 0E       		.byte	14
 136 0036 00       		.byte	0
 137 0037 00       		.byte	0
 138 0038 00       		.byte	0
 139 0039 04       		.byte	4
 140 003a 04       		.byte	4
 141 003b 04       		.byte	4
 142 003c 00       		.byte	0
ARM GAS  C:\Users\nikod\AppData\Local\Temp\ccc4tG9y.s 			page 5


 143 003d 04       		.byte	4
 144 003e 00       		.byte	0
 145 003f 00       		.byte	0
 146              		.text
 147              	.Letext0:
 148              		.file 2 "Generated_Source\\PSoC5\\LCD.h"
 149              		.file 3 "Generated_Source\\PSoC5\\cytypes.h"
 150              		.section	.debug_info,"",%progbits
 151              	.Ldebug_info0:
 152 0000 55010000 		.4byte	0x155
 153 0004 0400     		.2byte	0x4
 154 0006 00000000 		.4byte	.Ldebug_abbrev0
 155 000a 04       		.byte	0x4
 156 000b 01       		.uleb128 0x1
 157 000c 74000000 		.4byte	.LASF16
 158 0010 0C       		.byte	0xc
 159 0011 11000000 		.4byte	.LASF17
 160 0015 3B010000 		.4byte	.LASF18
 161 0019 00000000 		.4byte	.Ldebug_ranges0+0
 162 001d 00000000 		.4byte	0
 163 0021 00000000 		.4byte	.Ldebug_line0
 164 0025 02       		.uleb128 0x2
 165 0026 01       		.byte	0x1
 166 0027 06       		.byte	0x6
 167 0028 FB010000 		.4byte	.LASF0
 168 002c 02       		.uleb128 0x2
 169 002d 01       		.byte	0x1
 170 002e 08       		.byte	0x8
 171 002f 66000000 		.4byte	.LASF1
 172 0033 02       		.uleb128 0x2
 173 0034 02       		.byte	0x2
 174 0035 05       		.byte	0x5
 175 0036 D2010000 		.4byte	.LASF2
 176 003a 02       		.uleb128 0x2
 177 003b 02       		.byte	0x2
 178 003c 07       		.byte	0x7
 179 003d 28010000 		.4byte	.LASF3
 180 0041 02       		.uleb128 0x2
 181 0042 04       		.byte	0x4
 182 0043 05       		.byte	0x5
 183 0044 E2010000 		.4byte	.LASF4
 184 0048 02       		.uleb128 0x2
 185 0049 04       		.byte	0x4
 186 004a 07       		.byte	0x7
 187 004b 02010000 		.4byte	.LASF5
 188 004f 02       		.uleb128 0x2
 189 0050 08       		.byte	0x8
 190 0051 05       		.byte	0x5
 191 0052 BF010000 		.4byte	.LASF6
 192 0056 02       		.uleb128 0x2
 193 0057 08       		.byte	0x8
 194 0058 07       		.byte	0x7
 195 0059 9F010000 		.4byte	.LASF7
 196 005d 03       		.uleb128 0x3
 197 005e 04       		.byte	0x4
 198 005f 05       		.byte	0x5
 199 0060 696E7400 		.ascii	"int\000"
ARM GAS  C:\Users\nikod\AppData\Local\Temp\ccc4tG9y.s 			page 6


 200 0064 02       		.uleb128 0x2
 201 0065 04       		.byte	0x4
 202 0066 07       		.byte	0x7
 203 0067 92010000 		.4byte	.LASF8
 204 006b 04       		.uleb128 0x4
 205 006c DC010000 		.4byte	.LASF19
 206 0070 03       		.byte	0x3
 207 0071 E401     		.2byte	0x1e4
 208 0073 2C000000 		.4byte	0x2c
 209 0077 02       		.uleb128 0x2
 210 0078 04       		.byte	0x4
 211 0079 04       		.byte	0x4
 212 007a 52000000 		.4byte	.LASF9
 213 007e 02       		.uleb128 0x2
 214 007f 08       		.byte	0x8
 215 0080 04       		.byte	0x4
 216 0081 40000000 		.4byte	.LASF10
 217 0085 02       		.uleb128 0x2
 218 0086 01       		.byte	0x1
 219 0087 08       		.byte	0x8
 220 0088 CD010000 		.4byte	.LASF11
 221 008c 05       		.uleb128 0x5
 222 008d 14010000 		.4byte	.LASF20
 223 0091 01       		.byte	0x1
 224 0092 42       		.byte	0x42
 225 0093 00000000 		.4byte	.LFB0
 226 0097 2C000000 		.4byte	.LFE0-.LFB0
 227 009b 01       		.uleb128 0x1
 228 009c 9C       		.byte	0x9c
 229 009d FF000000 		.4byte	0xff
 230 00a1 06       		.uleb128 0x6
 231 00a2 47000000 		.4byte	.LASF21
 232 00a6 01       		.byte	0x1
 233 00a7 42       		.byte	0x42
 234 00a8 FF000000 		.4byte	0xff
 235 00ac 00000000 		.4byte	.LLST0
 236 00b0 07       		.uleb128 0x7
 237 00b1 38000000 		.4byte	.LASF22
 238 00b5 01       		.byte	0x1
 239 00b6 44       		.byte	0x44
 240 00b7 6B000000 		.4byte	0x6b
 241 00bb 1E000000 		.4byte	.LLST1
 242 00bf 08       		.uleb128 0x8
 243 00c0 08000000 		.4byte	.LVL1
 244 00c4 37010000 		.4byte	0x137
 245 00c8 09       		.uleb128 0x9
 246 00c9 0E000000 		.4byte	.LVL2
 247 00cd 42010000 		.4byte	0x142
 248 00d1 DC000000 		.4byte	0xdc
 249 00d5 0A       		.uleb128 0xa
 250 00d6 01       		.uleb128 0x1
 251 00d7 50       		.byte	0x50
 252 00d8 02       		.uleb128 0x2
 253 00d9 08       		.byte	0x8
 254 00da 40       		.byte	0x40
 255 00db 00       		.byte	0
 256 00dc 08       		.uleb128 0x8
ARM GAS  C:\Users\nikod\AppData\Local\Temp\ccc4tG9y.s 			page 7


 257 00dd 18000000 		.4byte	.LVL4
 258 00e1 4D010000 		.4byte	0x14d
 259 00e5 08       		.uleb128 0x8
 260 00e6 24000000 		.4byte	.LVL7
 261 00ea 37010000 		.4byte	0x137
 262 00ee 0B       		.uleb128 0xb
 263 00ef 2A000000 		.4byte	.LVL8
 264 00f3 42010000 		.4byte	0x142
 265 00f7 0A       		.uleb128 0xa
 266 00f8 01       		.uleb128 0x1
 267 00f9 50       		.byte	0x50
 268 00fa 02       		.uleb128 0x2
 269 00fb 09       		.byte	0x9
 270 00fc 80       		.byte	0x80
 271 00fd 00       		.byte	0
 272 00fe 00       		.byte	0
 273 00ff 0C       		.uleb128 0xc
 274 0100 04       		.byte	0x4
 275 0101 05010000 		.4byte	0x105
 276 0105 0D       		.uleb128 0xd
 277 0106 6B000000 		.4byte	0x6b
 278 010a 0E       		.uleb128 0xe
 279 010b 05010000 		.4byte	0x105
 280 010f 1A010000 		.4byte	0x11a
 281 0113 0F       		.uleb128 0xf
 282 0114 1A010000 		.4byte	0x11a
 283 0118 3F       		.byte	0x3f
 284 0119 00       		.byte	0
 285 011a 02       		.uleb128 0x2
 286 011b 04       		.byte	0x4
 287 011c 07       		.byte	0x7
 288 011d B6010000 		.4byte	.LASF12
 289 0121 10       		.uleb128 0x10
 290 0122 EB010000 		.4byte	.LASF23
 291 0126 01       		.byte	0x1
 292 0127 15       		.byte	0x15
 293 0128 32010000 		.4byte	0x132
 294 012c 05       		.uleb128 0x5
 295 012d 03       		.byte	0x3
 296 012e 00000000 		.4byte	LCD_customFonts
 297 0132 0D       		.uleb128 0xd
 298 0133 0A010000 		.4byte	0x10a
 299 0137 11       		.uleb128 0x11
 300 0138 86010000 		.4byte	.LASF13
 301 013c 86010000 		.4byte	.LASF13
 302 0140 02       		.byte	0x2
 303 0141 3F       		.byte	0x3f
 304 0142 11       		.uleb128 0x11
 305 0143 00000000 		.4byte	.LASF14
 306 0147 00000000 		.4byte	.LASF14
 307 014b 02       		.byte	0x2
 308 014c 3A       		.byte	0x3a
 309 014d 11       		.uleb128 0x11
 310 014e 58000000 		.4byte	.LASF15
 311 0152 58000000 		.4byte	.LASF15
 312 0156 02       		.byte	0x2
 313 0157 3B       		.byte	0x3b
ARM GAS  C:\Users\nikod\AppData\Local\Temp\ccc4tG9y.s 			page 8


 314 0158 00       		.byte	0
 315              		.section	.debug_abbrev,"",%progbits
 316              	.Ldebug_abbrev0:
 317 0000 01       		.uleb128 0x1
 318 0001 11       		.uleb128 0x11
 319 0002 01       		.byte	0x1
 320 0003 25       		.uleb128 0x25
 321 0004 0E       		.uleb128 0xe
 322 0005 13       		.uleb128 0x13
 323 0006 0B       		.uleb128 0xb
 324 0007 03       		.uleb128 0x3
 325 0008 0E       		.uleb128 0xe
 326 0009 1B       		.uleb128 0x1b
 327 000a 0E       		.uleb128 0xe
 328 000b 55       		.uleb128 0x55
 329 000c 17       		.uleb128 0x17
 330 000d 11       		.uleb128 0x11
 331 000e 01       		.uleb128 0x1
 332 000f 10       		.uleb128 0x10
 333 0010 17       		.uleb128 0x17
 334 0011 00       		.byte	0
 335 0012 00       		.byte	0
 336 0013 02       		.uleb128 0x2
 337 0014 24       		.uleb128 0x24
 338 0015 00       		.byte	0
 339 0016 0B       		.uleb128 0xb
 340 0017 0B       		.uleb128 0xb
 341 0018 3E       		.uleb128 0x3e
 342 0019 0B       		.uleb128 0xb
 343 001a 03       		.uleb128 0x3
 344 001b 0E       		.uleb128 0xe
 345 001c 00       		.byte	0
 346 001d 00       		.byte	0
 347 001e 03       		.uleb128 0x3
 348 001f 24       		.uleb128 0x24
 349 0020 00       		.byte	0
 350 0021 0B       		.uleb128 0xb
 351 0022 0B       		.uleb128 0xb
 352 0023 3E       		.uleb128 0x3e
 353 0024 0B       		.uleb128 0xb
 354 0025 03       		.uleb128 0x3
 355 0026 08       		.uleb128 0x8
 356 0027 00       		.byte	0
 357 0028 00       		.byte	0
 358 0029 04       		.uleb128 0x4
 359 002a 16       		.uleb128 0x16
 360 002b 00       		.byte	0
 361 002c 03       		.uleb128 0x3
 362 002d 0E       		.uleb128 0xe
 363 002e 3A       		.uleb128 0x3a
 364 002f 0B       		.uleb128 0xb
 365 0030 3B       		.uleb128 0x3b
 366 0031 05       		.uleb128 0x5
 367 0032 49       		.uleb128 0x49
 368 0033 13       		.uleb128 0x13
 369 0034 00       		.byte	0
 370 0035 00       		.byte	0
ARM GAS  C:\Users\nikod\AppData\Local\Temp\ccc4tG9y.s 			page 9


 371 0036 05       		.uleb128 0x5
 372 0037 2E       		.uleb128 0x2e
 373 0038 01       		.byte	0x1
 374 0039 3F       		.uleb128 0x3f
 375 003a 19       		.uleb128 0x19
 376 003b 03       		.uleb128 0x3
 377 003c 0E       		.uleb128 0xe
 378 003d 3A       		.uleb128 0x3a
 379 003e 0B       		.uleb128 0xb
 380 003f 3B       		.uleb128 0x3b
 381 0040 0B       		.uleb128 0xb
 382 0041 27       		.uleb128 0x27
 383 0042 19       		.uleb128 0x19
 384 0043 11       		.uleb128 0x11
 385 0044 01       		.uleb128 0x1
 386 0045 12       		.uleb128 0x12
 387 0046 06       		.uleb128 0x6
 388 0047 40       		.uleb128 0x40
 389 0048 18       		.uleb128 0x18
 390 0049 9742     		.uleb128 0x2117
 391 004b 19       		.uleb128 0x19
 392 004c 01       		.uleb128 0x1
 393 004d 13       		.uleb128 0x13
 394 004e 00       		.byte	0
 395 004f 00       		.byte	0
 396 0050 06       		.uleb128 0x6
 397 0051 05       		.uleb128 0x5
 398 0052 00       		.byte	0
 399 0053 03       		.uleb128 0x3
 400 0054 0E       		.uleb128 0xe
 401 0055 3A       		.uleb128 0x3a
 402 0056 0B       		.uleb128 0xb
 403 0057 3B       		.uleb128 0x3b
 404 0058 0B       		.uleb128 0xb
 405 0059 49       		.uleb128 0x49
 406 005a 13       		.uleb128 0x13
 407 005b 02       		.uleb128 0x2
 408 005c 17       		.uleb128 0x17
 409 005d 00       		.byte	0
 410 005e 00       		.byte	0
 411 005f 07       		.uleb128 0x7
 412 0060 34       		.uleb128 0x34
 413 0061 00       		.byte	0
 414 0062 03       		.uleb128 0x3
 415 0063 0E       		.uleb128 0xe
 416 0064 3A       		.uleb128 0x3a
 417 0065 0B       		.uleb128 0xb
 418 0066 3B       		.uleb128 0x3b
 419 0067 0B       		.uleb128 0xb
 420 0068 49       		.uleb128 0x49
 421 0069 13       		.uleb128 0x13
 422 006a 02       		.uleb128 0x2
 423 006b 17       		.uleb128 0x17
 424 006c 00       		.byte	0
 425 006d 00       		.byte	0
 426 006e 08       		.uleb128 0x8
 427 006f 898201   		.uleb128 0x4109
ARM GAS  C:\Users\nikod\AppData\Local\Temp\ccc4tG9y.s 			page 10


 428 0072 00       		.byte	0
 429 0073 11       		.uleb128 0x11
 430 0074 01       		.uleb128 0x1
 431 0075 31       		.uleb128 0x31
 432 0076 13       		.uleb128 0x13
 433 0077 00       		.byte	0
 434 0078 00       		.byte	0
 435 0079 09       		.uleb128 0x9
 436 007a 898201   		.uleb128 0x4109
 437 007d 01       		.byte	0x1
 438 007e 11       		.uleb128 0x11
 439 007f 01       		.uleb128 0x1
 440 0080 31       		.uleb128 0x31
 441 0081 13       		.uleb128 0x13
 442 0082 01       		.uleb128 0x1
 443 0083 13       		.uleb128 0x13
 444 0084 00       		.byte	0
 445 0085 00       		.byte	0
 446 0086 0A       		.uleb128 0xa
 447 0087 8A8201   		.uleb128 0x410a
 448 008a 00       		.byte	0
 449 008b 02       		.uleb128 0x2
 450 008c 18       		.uleb128 0x18
 451 008d 9142     		.uleb128 0x2111
 452 008f 18       		.uleb128 0x18
 453 0090 00       		.byte	0
 454 0091 00       		.byte	0
 455 0092 0B       		.uleb128 0xb
 456 0093 898201   		.uleb128 0x4109
 457 0096 01       		.byte	0x1
 458 0097 11       		.uleb128 0x11
 459 0098 01       		.uleb128 0x1
 460 0099 31       		.uleb128 0x31
 461 009a 13       		.uleb128 0x13
 462 009b 00       		.byte	0
 463 009c 00       		.byte	0
 464 009d 0C       		.uleb128 0xc
 465 009e 0F       		.uleb128 0xf
 466 009f 00       		.byte	0
 467 00a0 0B       		.uleb128 0xb
 468 00a1 0B       		.uleb128 0xb
 469 00a2 49       		.uleb128 0x49
 470 00a3 13       		.uleb128 0x13
 471 00a4 00       		.byte	0
 472 00a5 00       		.byte	0
 473 00a6 0D       		.uleb128 0xd
 474 00a7 26       		.uleb128 0x26
 475 00a8 00       		.byte	0
 476 00a9 49       		.uleb128 0x49
 477 00aa 13       		.uleb128 0x13
 478 00ab 00       		.byte	0
 479 00ac 00       		.byte	0
 480 00ad 0E       		.uleb128 0xe
 481 00ae 01       		.uleb128 0x1
 482 00af 01       		.byte	0x1
 483 00b0 49       		.uleb128 0x49
 484 00b1 13       		.uleb128 0x13
ARM GAS  C:\Users\nikod\AppData\Local\Temp\ccc4tG9y.s 			page 11


 485 00b2 01       		.uleb128 0x1
 486 00b3 13       		.uleb128 0x13
 487 00b4 00       		.byte	0
 488 00b5 00       		.byte	0
 489 00b6 0F       		.uleb128 0xf
 490 00b7 21       		.uleb128 0x21
 491 00b8 00       		.byte	0
 492 00b9 49       		.uleb128 0x49
 493 00ba 13       		.uleb128 0x13
 494 00bb 2F       		.uleb128 0x2f
 495 00bc 0B       		.uleb128 0xb
 496 00bd 00       		.byte	0
 497 00be 00       		.byte	0
 498 00bf 10       		.uleb128 0x10
 499 00c0 34       		.uleb128 0x34
 500 00c1 00       		.byte	0
 501 00c2 03       		.uleb128 0x3
 502 00c3 0E       		.uleb128 0xe
 503 00c4 3A       		.uleb128 0x3a
 504 00c5 0B       		.uleb128 0xb
 505 00c6 3B       		.uleb128 0x3b
 506 00c7 0B       		.uleb128 0xb
 507 00c8 49       		.uleb128 0x49
 508 00c9 13       		.uleb128 0x13
 509 00ca 3F       		.uleb128 0x3f
 510 00cb 19       		.uleb128 0x19
 511 00cc 02       		.uleb128 0x2
 512 00cd 18       		.uleb128 0x18
 513 00ce 00       		.byte	0
 514 00cf 00       		.byte	0
 515 00d0 11       		.uleb128 0x11
 516 00d1 2E       		.uleb128 0x2e
 517 00d2 00       		.byte	0
 518 00d3 3F       		.uleb128 0x3f
 519 00d4 19       		.uleb128 0x19
 520 00d5 3C       		.uleb128 0x3c
 521 00d6 19       		.uleb128 0x19
 522 00d7 6E       		.uleb128 0x6e
 523 00d8 0E       		.uleb128 0xe
 524 00d9 03       		.uleb128 0x3
 525 00da 0E       		.uleb128 0xe
 526 00db 3A       		.uleb128 0x3a
 527 00dc 0B       		.uleb128 0xb
 528 00dd 3B       		.uleb128 0x3b
 529 00de 0B       		.uleb128 0xb
 530 00df 00       		.byte	0
 531 00e0 00       		.byte	0
 532 00e1 00       		.byte	0
 533              		.section	.debug_loc,"",%progbits
 534              	.Ldebug_loc0:
 535              	.LLST0:
 536 0000 00000000 		.4byte	.LVL0
 537 0004 07000000 		.4byte	.LVL1-1
 538 0008 0100     		.2byte	0x1
 539 000a 50       		.byte	0x50
 540 000b 07000000 		.4byte	.LVL1-1
 541 000f 2C000000 		.4byte	.LFE0
ARM GAS  C:\Users\nikod\AppData\Local\Temp\ccc4tG9y.s 			page 12


 542 0013 0100     		.2byte	0x1
 543 0015 55       		.byte	0x55
 544 0016 00000000 		.4byte	0
 545 001a 00000000 		.4byte	0
 546              	.LLST1:
 547 001e 0E000000 		.4byte	.LVL2
 548 0022 12000000 		.4byte	.LVL3
 549 0026 0200     		.2byte	0x2
 550 0028 30       		.byte	0x30
 551 0029 9F       		.byte	0x9f
 552 002a 12000000 		.4byte	.LVL3
 553 002e 1A000000 		.4byte	.LVL5
 554 0032 0100     		.2byte	0x1
 555 0034 54       		.byte	0x54
 556 0035 1C000000 		.4byte	.LVL6
 557 0039 2C000000 		.4byte	.LFE0
 558 003d 0100     		.2byte	0x1
 559 003f 54       		.byte	0x54
 560 0040 00000000 		.4byte	0
 561 0044 00000000 		.4byte	0
 562              		.section	.debug_aranges,"",%progbits
 563 0000 1C000000 		.4byte	0x1c
 564 0004 0200     		.2byte	0x2
 565 0006 00000000 		.4byte	.Ldebug_info0
 566 000a 04       		.byte	0x4
 567 000b 00       		.byte	0
 568 000c 0000     		.2byte	0
 569 000e 0000     		.2byte	0
 570 0010 00000000 		.4byte	.LFB0
 571 0014 2C000000 		.4byte	.LFE0-.LFB0
 572 0018 00000000 		.4byte	0
 573 001c 00000000 		.4byte	0
 574              		.section	.debug_ranges,"",%progbits
 575              	.Ldebug_ranges0:
 576 0000 00000000 		.4byte	.LFB0
 577 0004 2C000000 		.4byte	.LFE0
 578 0008 00000000 		.4byte	0
 579 000c 00000000 		.4byte	0
 580              		.section	.debug_line,"",%progbits
 581              	.Ldebug_line0:
 582 0000 7F000000 		.section	.debug_str,"MS",%progbits,1
 582      02005300 
 582      00000201 
 582      FB0E0D00 
 582      01010101 
 583              	.LASF14:
 584 0000 4C43445F 		.ascii	"LCD_WriteControl\000"
 584      57726974 
 584      65436F6E 
 584      74726F6C 
 584      00
 585              	.LASF17:
 586 0011 47656E65 		.ascii	"Generated_Source\\PSoC5\\LCD_CustChars.c\000"
 586      72617465 
 586      645F536F 
 586      75726365 
 586      5C50536F 
ARM GAS  C:\Users\nikod\AppData\Local\Temp\ccc4tG9y.s 			page 13


 587              	.LASF22:
 588 0038 696E6465 		.ascii	"indexU8\000"
 588      78553800 
 589              	.LASF10:
 590 0040 646F7562 		.ascii	"double\000"
 590      6C6500
 591              	.LASF21:
 592 0047 63757374 		.ascii	"customData\000"
 592      6F6D4461 
 592      746100
 593              	.LASF9:
 594 0052 666C6F61 		.ascii	"float\000"
 594      7400
 595              	.LASF15:
 596 0058 4C43445F 		.ascii	"LCD_WriteData\000"
 596      57726974 
 596      65446174 
 596      6100
 597              	.LASF1:
 598 0066 756E7369 		.ascii	"unsigned char\000"
 598      676E6564 
 598      20636861 
 598      7200
 599              	.LASF16:
 600 0074 474E5520 		.ascii	"GNU C11 5.4.1 20160609 (release) [ARM/embedded-5-br"
 600      43313120 
 600      352E342E 
 600      31203230 
 600      31363036 
 601 00a7 616E6368 		.ascii	"anch revision 237715] -mcpu=cortex-m3 -mthumb -g -O"
 601      20726576 
 601      6973696F 
 601      6E203233 
 601      37373135 
 602 00da 67202D66 		.ascii	"g -ffunction-sections -ffat-lto-objects\000"
 602      66756E63 
 602      74696F6E 
 602      2D736563 
 602      74696F6E 
 603              	.LASF5:
 604 0102 6C6F6E67 		.ascii	"long unsigned int\000"
 604      20756E73 
 604      69676E65 
 604      6420696E 
 604      7400
 605              	.LASF20:
 606 0114 4C43445F 		.ascii	"LCD_LoadCustomFonts\000"
 606      4C6F6164 
 606      43757374 
 606      6F6D466F 
 606      6E747300 
 607              	.LASF3:
 608 0128 73686F72 		.ascii	"short unsigned int\000"
 608      7420756E 
 608      7369676E 
 608      65642069 
 608      6E7400
ARM GAS  C:\Users\nikod\AppData\Local\Temp\ccc4tG9y.s 			page 14


 609              	.LASF18:
 610 013b 433A5C55 		.ascii	"C:\\Users\\nikod\\Documents\\Octavo\\Termometro\\Se"
 610      73657273 
 610      5C6E696B 
 610      6F645C44 
 610      6F63756D 
 611 0168 6E736F72 		.ascii	"nsordeTemperatura\\RAMA1.cydsn\000"
 611      64655465 
 611      6D706572 
 611      61747572 
 611      615C5241 
 612              	.LASF13:
 613 0186 4C43445F 		.ascii	"LCD_IsReady\000"
 613      49735265 
 613      61647900 
 614              	.LASF8:
 615 0192 756E7369 		.ascii	"unsigned int\000"
 615      676E6564 
 615      20696E74 
 615      00
 616              	.LASF7:
 617 019f 6C6F6E67 		.ascii	"long long unsigned int\000"
 617      206C6F6E 
 617      6720756E 
 617      7369676E 
 617      65642069 
 618              	.LASF12:
 619 01b6 73697A65 		.ascii	"sizetype\000"
 619      74797065 
 619      00
 620              	.LASF6:
 621 01bf 6C6F6E67 		.ascii	"long long int\000"
 621      206C6F6E 
 621      6720696E 
 621      7400
 622              	.LASF11:
 623 01cd 63686172 		.ascii	"char\000"
 623      00
 624              	.LASF2:
 625 01d2 73686F72 		.ascii	"short int\000"
 625      7420696E 
 625      7400
 626              	.LASF19:
 627 01dc 75696E74 		.ascii	"uint8\000"
 627      3800
 628              	.LASF4:
 629 01e2 6C6F6E67 		.ascii	"long int\000"
 629      20696E74 
 629      00
 630              	.LASF23:
 631 01eb 4C43445F 		.ascii	"LCD_customFonts\000"
 631      63757374 
 631      6F6D466F 
 631      6E747300 
 632              	.LASF0:
 633 01fb 7369676E 		.ascii	"signed char\000"
 633      65642063 
ARM GAS  C:\Users\nikod\AppData\Local\Temp\ccc4tG9y.s 			page 15


 633      68617200 
 634              		.ident	"GCC: (GNU Tools for ARM Embedded Processors) 5.4.1 20160609 (release) [ARM/embedded-5-bran
